This is TeX, Version 3.14159 (C version 6.1) (format=latex 96.7.29)  2 JUL 1999 10:35
**./images.tex
(images.tex
LaTeX2e <1996/06/01>
Hyphenation patterns for english, german, loaded.

(/usr/local/share/tex/texmf/tex/latex/base/article.cls
Document Class: article 1996/05/26 v1.3r Standard LaTeX document class
(/usr/local/share/tex/texmf/tex/latex/base/size12.clo
File: size12.clo 1996/05/26 v1.3r Standard LaTeX file (size option)
)
\c@part=\count79
\c@section=\count80
\c@subsection=\count81
\c@subsubsection=\count82
\c@paragraph=\count83
\c@subparagraph=\count84
\c@figure=\count85
\c@table=\count86
\abovecaptionskip=\skip41
\belowcaptionskip=\skip42
\bibindent=\dimen102
)
\sizebox=\box26
\lthtmlwrite=\write3
No file images.aux.
LaTeX Font Info:    Checking defaults for OML/cmm/m/it on input line 78.
LaTeX Font Info:    ... okay on input line 78.
LaTeX Font Info:    Checking defaults for T1/cmr/m/n on input line 78.
LaTeX Font Info:    ... okay on input line 78.
LaTeX Font Info:    Checking defaults for OT1/cmr/m/n on input line 78.
LaTeX Font Info:    ... okay on input line 78.
LaTeX Font Info:    Checking defaults for OMS/cmsy/m/n on input line 78.
LaTeX Font Info:    ... okay on input line 78.
LaTeX Font Info:    Checking defaults for OMX/cmex/m/n on input line 78.
LaTeX Font Info:    ... okay on input line 78.
LaTeX Font Info:    Checking defaults for U/cmr/m/n on input line 78.
LaTeX Font Info:    ... okay on input line 78.
latex2htmlLength hsize=349.0pt
latex2htmlLength vsize=664.50787pt
latex2htmlLength hoffset=0.0pt
latex2htmlLength voffset=0.0pt
latex2htmlLength topmargin=0.0pt
latex2htmlLength topskip=0.00002pt
latex2htmlLength headheight=0.0pt
latex2htmlLength headsep=0.0pt
latex2htmlLength parskip=0.0pt plus 1.0pt
latex2htmlLength oddsidemargin=-14.22636pt
latex2htmlLength evensidemargin=-14.22636pt
LaTeX Font Info:    External font `cmex10' loaded for size
(Font)              <12> on input line 96.
LaTeX Font Info:    External font `cmex10' loaded for size
(Font)              <8> on input line 96.
LaTeX Font Info:    External font `cmex10' loaded for size
(Font)              <6> on input line 96.
l2hSize :tex2html_wrap_inline48:8.33331pt::8.33331pt::12.77774pt.
[1


] (images.aux) ) 
Here is how much of TeX's memory you used:
 255 strings out of 10915
 2528 string characters out of 72216
 44428 words of memory out of 262141
 3199 multiletter control sequences out of 9500
 6376 words of font info for 23 fonts, out of 150000 for 255
 14 hyphenation exceptions out of 607
 22i,4n,21p,155b,162s stack positions out of 300i,40n,60p,3000b,4000s

Output written on images.dvi (1 page, 296 bytes).
